<?xml version="1.0" encoding="UTF-8"?>
<testng-results ignored="0" total="1" passed="1" failed="0" skipped="0">
  <reporter-output>
  </reporter-output>
  <suite started-at="2023-08-23T12:46:38 IST" name="Default suite" finished-at="2023-08-23T12:46:55 IST" duration-ms="16412">
    <groups>
    </groups>
    <test started-at="2023-08-23T12:46:38 IST" name="Default test" finished-at="2023-08-23T12:46:55 IST" duration-ms="16412">
      <class name="JpetRunner.JpetRunTest1">
        <test-method signature="f()[pri:0, instance:JpetRunner.JpetRunTest1@46cdf8bd]" started-at="2023-08-23T12:46:38 IST" name="f" finished-at="2023-08-23T12:46:55 IST" duration-ms="16371" status="PASS">
          <reporter-output>
          </reporter-output>
        </test-method> <!-- f -->
      </class> <!-- JpetRunner.JpetRunTest1 -->
    </test> <!-- Default test -->
  </suite> <!-- Default suite -->
</testng-results>
